<?xml version="1.0" encoding="UTF-8"?>
<!-- Generated by org.testng.reporters.JUnitXMLReporter -->
<testsuite ignored="0" hostname="LAPTOP-ASKQ9BMM" failures="0" tests="7" name="Default test" time="84.205" errors="0" timestamp="2022-09-15T13:21:25 WIB">
  <testcase classname="latihan.selenium.pagefactoryobject.TestLogin" name="testInvalidPassword" time="2.11"/>
  <testcase classname="latihan.selenium.pagefactoryobject.TestLogin" name="testInvalidPasswordNull" time="0.904"/>
  <testcase classname="latihan.selenium.pagefactoryobject.TestLogin" name="testInvalidUsername" time="2.711"/>
  <testcase classname="latihan.selenium.pagefactoryobject.TestLogin" name="testInvalidUsernameNull" time="0.855"/>
  <testcase classname="latihan.selenium.pagefactoryobject.TestLogin" name="testInvalidUsernamePasswordNull" time="0.827"/>
  <testcase classname="latihan.selenium.pagefactoryobject.TestLogin" name="testValidLogin" time="4.812"/>
  <testcase classname="latihan.selenium.pagefactoryobject.TestLogin" name="testValidLoginUsernameKapital" time="4.222"/>
</testsuite> <!-- Default test -->
