<?xml version="1.0" encoding="UTF-8"?>
<!-- Generated by org.testng.reporters.JUnitXMLReporter -->
<testsuite ignored="0" hostname="LAPTOP-ASKQ9BMM" failures="0" tests="4" name="Default test" time="40.49" errors="0" timestamp="2022-09-18T11:06:59 WIB">
  <testcase classname="ujian.ujiankeempat.nopcommerce.TestLoginPage" name="testLoginPage" time="4.324"/>
  <testcase classname="ujian.ujiankeempat.nopcommerce.TestLoginPage" name="testLoginPageClear" time="6.405"/>
  <testcase classname="ujian.ujiankeempat.nopcommerce.TestLoginPage" name="testLoginPageClearEmailNull" time="3.281"/>
  <testcase classname="ujian.ujiankeempat.nopcommerce.TestLoginPage" name="testLoginPageClearPasswordNull" time="3.707"/>
</testsuite> <!-- Default test -->
