<?xml version="1.0" encoding="UTF-8"?>
<testng-results ignored="0" total="4" passed="4" failed="0" skipped="0">
  <reporter-output>
  </reporter-output>
  <suite started-at="2022-09-06T08:59:15 WIB" name="Default suite" finished-at="2022-09-06T08:59:15 WIB" duration-ms="95">
    <groups>
    </groups>
    <test started-at="2022-09-06T08:59:15 WIB" name="Default test" finished-at="2022-09-06T08:59:15 WIB" duration-ms="95">
      <class name="ujian.ujianminggukedua.TestMatematika">
        <test-method is-config="true" signature="befTest()[pri:0, instance:ujian.ujianminggukedua.TestMatematika@20ccf40b]" started-at="2022-09-06T08:59:15 WIB" name="befTest" finished-at="2022-09-06T08:59:15 WIB" duration-ms="16" status="PASS">
          <reporter-output>
          </reporter-output>
        </test-method> <!-- befTest -->
        <test-method is-config="true" signature="befClass()[pri:0, instance:ujian.ujianminggukedua.TestMatematika@20ccf40b]" started-at="2022-09-06T08:59:15 WIB" name="befClass" finished-at="2022-09-06T08:59:15 WIB" duration-ms="0" status="PASS">
          <reporter-output>
          </reporter-output>
        </test-method> <!-- befClass -->
        <test-method is-config="true" signature="befMethod()[pri:0, instance:ujian.ujianminggukedua.TestMatematika@20ccf40b]" started-at="2022-09-06T08:59:15 WIB" name="befMethod" finished-at="2022-09-06T08:59:15 WIB" duration-ms="0" status="PASS">
          <reporter-output>
          </reporter-output>
        </test-method> <!-- befMethod -->
        <test-method signature="testJumlahNilai()[pri:0, instance:ujian.ujianminggukedua.TestMatematika@20ccf40b]" started-at="2022-09-06T08:59:15 WIB" name="testJumlahNilai" finished-at="2022-09-06T08:59:15 WIB" duration-ms="9" status="PASS">
          <reporter-output>
          </reporter-output>
        </test-method> <!-- testJumlahNilai -->
        <test-method is-config="true" signature="aftMethod()[pri:0, instance:ujian.ujianminggukedua.TestMatematika@20ccf40b]" started-at="2022-09-06T08:59:15 WIB" name="aftMethod" finished-at="2022-09-06T08:59:15 WIB" duration-ms="1" status="PASS">
          <reporter-output>
          </reporter-output>
        </test-method> <!-- aftMethod -->
        <test-method signature="testKurangNilai()[pri:1, instance:ujian.ujianminggukedua.TestMatematika@20ccf40b]" started-at="2022-09-06T08:59:15 WIB" name="testKurangNilai" finished-at="2022-09-06T08:59:15 WIB" duration-ms="1" status="PASS">
          <reporter-output>
          </reporter-output>
        </test-method> <!-- testKurangNilai -->
        <test-method is-config="true" signature="befMethod()[pri:0, instance:ujian.ujianminggukedua.TestMatematika@20ccf40b]" started-at="2022-09-06T08:59:15 WIB" name="befMethod" finished-at="2022-09-06T08:59:15 WIB" duration-ms="0" status="PASS">
          <reporter-output>
          </reporter-output>
        </test-method> <!-- befMethod -->
        <test-method is-config="true" signature="aftMethod()[pri:0, instance:ujian.ujianminggukedua.TestMatematika@20ccf40b]" started-at="2022-09-06T08:59:15 WIB" name="aftMethod" finished-at="2022-09-06T08:59:15 WIB" duration-ms="0" status="PASS">
          <reporter-output>
          </reporter-output>
        </test-method> <!-- aftMethod -->
        <test-method signature="testBagiNilai()[pri:2, instance:ujian.ujianminggukedua.TestMatematika@20ccf40b]" started-at="2022-09-06T08:59:15 WIB" name="testBagiNilai" finished-at="2022-09-06T08:59:15 WIB" duration-ms="2" status="PASS">
          <reporter-output>
          </reporter-output>
        </test-method> <!-- testBagiNilai -->
        <test-method is-config="true" signature="befMethod()[pri:0, instance:ujian.ujianminggukedua.TestMatematika@20ccf40b]" started-at="2022-09-06T08:59:15 WIB" name="befMethod" finished-at="2022-09-06T08:59:15 WIB" duration-ms="0" status="PASS">
          <reporter-output>
          </reporter-output>
        </test-method> <!-- befMethod -->
        <test-method is-config="true" signature="aftMethod()[pri:0, instance:ujian.ujianminggukedua.TestMatematika@20ccf40b]" started-at="2022-09-06T08:59:15 WIB" name="aftMethod" finished-at="2022-09-06T08:59:15 WIB" duration-ms="0" status="PASS">
          <reporter-output>
          </reporter-output>
        </test-method> <!-- aftMethod -->
        <test-method is-config="true" signature="befMethod()[pri:0, instance:ujian.ujianminggukedua.TestMatematika@20ccf40b]" started-at="2022-09-06T08:59:15 WIB" name="befMethod" finished-at="2022-09-06T08:59:15 WIB" duration-ms="0" status="PASS">
          <reporter-output>
          </reporter-output>
        </test-method> <!-- befMethod -->
        <test-method signature="testModulusNilai()[pri:3, instance:ujian.ujianminggukedua.TestMatematika@20ccf40b]" started-at="2022-09-06T08:59:15 WIB" name="testModulusNilai" finished-at="2022-09-06T08:59:15 WIB" duration-ms="2" status="PASS">
          <reporter-output>
          </reporter-output>
        </test-method> <!-- testModulusNilai -->
        <test-method is-config="true" signature="aftMethod()[pri:0, instance:ujian.ujianminggukedua.TestMatematika@20ccf40b]" started-at="2022-09-06T08:59:15 WIB" name="aftMethod" finished-at="2022-09-06T08:59:15 WIB" duration-ms="0" status="PASS">
          <reporter-output>
          </reporter-output>
        </test-method> <!-- aftMethod -->
        <test-method is-config="true" signature="aftClass()[pri:0, instance:ujian.ujianminggukedua.TestMatematika@20ccf40b]" started-at="2022-09-06T08:59:15 WIB" name="aftClass" finished-at="2022-09-06T08:59:15 WIB" duration-ms="0" status="PASS">
          <reporter-output>
          </reporter-output>
        </test-method> <!-- aftClass -->
        <test-method is-config="true" signature="aftTest()[pri:0, instance:ujian.ujianminggukedua.TestMatematika@20ccf40b]" started-at="2022-09-06T08:59:15 WIB" name="aftTest" finished-at="2022-09-06T08:59:15 WIB" duration-ms="0" status="PASS">
          <reporter-output>
          </reporter-output>
        </test-method> <!-- aftTest -->
      </class> <!-- ujian.ujianminggukedua.TestMatematika -->
    </test> <!-- Default test -->
  </suite> <!-- Default suite -->
</testng-results>
