<?xml version="1.0" encoding="UTF-8"?>
<!-- Generated by org.testng.reporters.JUnitXMLReporter -->
<testsuite ignored="0" hostname="LAPTOP-ASKQ9BMM" failures="0" tests="5" name="TestSeleniumShopQA" time="93.546" errors="0" timestamp="2022-09-25T06:36:12 WIB">
  <testcase classname="ujian.ujiankelima.selenium.TestZoomProduct" name="testZoomProduct" time="1.96"/>
  <testcase classname="ujian.ujiankelima.selenium.TestDeleteWishlist" name="testDeleteWishlistProduct" time="12.721"/>
  <testcase classname="ujian.ujiankelima.selenium.TestAddWishlist" name="testAddWishlistProduct" time="9.899"/>
  <testcase classname="ujian.ujiankelima.selenium.TestSearchPage" name="testSearchData" time="2.309"/>
  <testcase classname="ujian.ujiankelima.selenium.TestRegisterPage" name="testRegistrasiInvalid" time="15.591"/>
</testsuite> <!-- TestSeleniumShopQA -->
