<?xml version="1.0" encoding="UTF-8"?>
<!-- Generated by org.testng.reporters.JUnitXMLReporter -->
<testsuite ignored="0" hostname="LAPTOP-ASKQ9BMM" failures="0" tests="10" name="Test" time="0.144" errors="0" timestamp="2022-09-06T13:52:53 WIB">
  <testcase classname="ujian.ujianminggukedua.TestParsingStringPriorityKebalik" name="testParsingStringToFloat" time="0.013"/>
  <testcase classname="ujian.ujianminggukedua.TestParsingStringPriorityKebalik" name="testParsingStringtoDouble" time="0.001"/>
  <testcase classname="ujian.ujianminggukedua.TestParsingStringPriorityKebalik" name="testParsingStringToInt" time="0.001"/>
  <testcase classname="ujian.ujianminggukedua.TestMatematikaPriorityKebalik" name="testModulusNilai" time="0.002"/>
  <testcase classname="ujian.ujianminggukedua.TestMatematikaPriorityKebalik" name="testBagiNilai" time="0.001"/>
  <testcase classname="ujian.ujianminggukedua.TestMatematikaPriorityKebalik" name="testKurangNilai" time="0.002"/>
  <testcase classname="ujian.ujianminggukedua.TestMatematikaPriorityKebalik" name="testJumlahNilai" time="0.001"/>
  <testcase classname="ujian.ujianminggukedua.TestGeometry" name="testLuasPersegi" time="0.001"/>
  <testcase classname="ujian.ujianminggukedua.TestGeometry" name="testLuasSegitiga" time="0.001"/>
  <testcase classname="ujian.ujianminggukedua.TestGeometry" name="testLuasTrapesium" time="0.002"/>
</testsuite> <!-- Test -->
